TID: [-1234] [] [2022-06-08 12:10:18,229]  INFO {org.wso2.carbon.core.internal.CarbonCoreActivator} - Starting WSO2 Carbon...
TID: [-1234] [] [2022-06-08 12:10:18,250]  INFO {org.wso2.carbon.core.internal.CarbonCoreActivator} - Operating System : Linux 5.10.16.3-microsoft-standard-WSL2, amd64
TID: [-1234] [] [2022-06-08 12:10:18,250]  INFO {org.wso2.carbon.core.internal.CarbonCoreActivator} - Java Home        : /usr/lib/jvm/java-8-openjdk-amd64/jre
TID: [-1234] [] [2022-06-08 12:10:18,251]  INFO {org.wso2.carbon.core.internal.CarbonCoreActivator} - Java Version     : 1.8.0_312
TID: [-1234] [] [2022-06-08 12:10:18,251]  INFO {org.wso2.carbon.core.internal.CarbonCoreActivator} - Java VM          : OpenJDK 64-Bit Server VM 25.312-b07,Private Build
TID: [-1234] [] [2022-06-08 12:10:18,251]  INFO {org.wso2.carbon.core.internal.CarbonCoreActivator} - Carbon Home      : /mnt/d/WS02Deployment/WS02/WSO2/wso2am-3.2.0/wso2am-3.2.0
TID: [-1234] [] [2022-06-08 12:10:18,252]  INFO {org.wso2.carbon.core.internal.CarbonCoreActivator} - Java Temp Dir    : /mnt/d/WS02Deployment/WS02/WSO2/wso2am-3.2.0/wso2am-3.2.0/tmp
TID: [-1234] [] [2022-06-08 12:10:18,252]  INFO {org.wso2.carbon.core.internal.CarbonCoreActivator} - User             : nickson, en-null, Africa/Kampala
TID: [-1] [] [2022-06-08 12:10:18,570]  INFO {org.wso2.carbon.crypto.provider.internal.DefaultCryptoProviderComponent} - 'CryptoService.Secret' property has not been set. 'org.wso2.carbon.crypto.provider.SymmetricKeyInternalCryptoProvider' won't be registered as an internal crypto provider. Please set the secret if the provider needs to be registered.
TID: [-1] [] [2022-06-08 12:10:19,510]  INFO {org.wso2.carbon.event.output.adapter.kafka.internal.ds.KafkaEventAdapterServiceDS} - Successfully deployed the Kafka output event adaptor service
TID: [-1] [] [2022-06-08 12:10:20,202]  INFO {org.wso2.carbon.event.template.manager.core.internal.ds.TemplateDeployerServiceTrackerDS} - Successfully deployed the execution manager tracker service
TID: [-1234] [] [2022-06-08 12:10:35,655]  INFO {org.wso2.carbon.consent.mgt.core.internal.ConsentManagerComponent} - ConsentManagerComponent is activated.
TID: [-1234] [] [2022-06-08 12:10:36,467]  INFO {org.wso2.carbon.databridge.receiver.binary.internal.BinaryDataReceiverServiceComponent} - Binary Data Receiver server activated
TID: [-1234] [] [2022-06-08 12:10:36,530]  INFO {org.wso2.carbon.databridge.core.internal.DataBridgeDS} - Successfully deployed Agent Server 
TID: [-1234] [] [2022-06-08 12:10:37,570]  INFO {org.wso2.carbon.registry.core.jdbc.EmbeddedRegistryService} - Configured Registry in 109ms
TID: [-1234] [] [2022-06-08 12:10:37,601]  INFO {org.wso2.carbon.registry.core.jdbc.EmbeddedRegistryService} - Connected to mount at configregistry in 8ms
TID: [-1234] [] [2022-06-08 12:10:37,603]  INFO {org.wso2.carbon.registry.core.jdbc.EmbeddedRegistryService} - Connected to mount at govregistry in 9ms
TID: [-1234] [] [2022-06-08 12:10:37,679]  INFO {org.wso2.carbon.registry.core.jdbc.EmbeddedRegistryService} - Connected to mount at configregistry in 0ms
TID: [-1234] [] [2022-06-08 12:10:37,680]  INFO {org.wso2.carbon.registry.core.jdbc.EmbeddedRegistryService} - Connected to mount at govregistry in 1ms
TID: [-1234] [] [2022-06-08 12:10:37,687]  INFO {org.wso2.carbon.registry.core.internal.RegistryCoreServiceComponent} - Registry Mode    : READ-WRITE
TID: [-1234] [] [2022-06-08 12:10:38,958]  INFO {org.wso2.carbon.metrics.impl.util.JmxReporterBuilder} - Creating JMX reporter for Metrics with domain 'org.wso2.carbon.metrics'
TID: [-1234] [] [2022-06-08 12:10:38,987]  INFO {org.wso2.carbon.metrics.impl.reporter.AbstractReporter} - Started JMX reporter for Metrics
TID: [-1234] [] [2022-06-08 12:10:44,038]  INFO {org.wso2.carbon.registry.indexing.solr.SolrClient} - Default Embedded Solr Server Initialized
TID: [-1234] [] [2022-06-08 12:10:44,815]  INFO {org.wso2.carbon.user.core.internal.UserStoreMgtDSComponent} - Carbon UserStoreMgtDSComponent activated successfully.
TID: [-1234] [] [2022-06-08 12:12:04,511]  INFO {org.wso2.carbon.identity.user.store.configuration.deployer.UserStoreConfigurationDeployer} - User Store Configuration Deployer initiated.
TID: [-1234] [] [2022-06-08 12:12:04,532]  INFO {org.wso2.carbon.identity.user.store.configuration.deployer.UserStoreConfigurationDeployer} - User Store Configuration Deployer initiated.
TID: [-1234] [] [2022-06-08 12:12:06,084]  INFO {org.wso2.carbon.websocket.transport.WebsocketTransportSender} - WSS Sender started
TID: [-1234] [] [2022-06-08 12:12:06,131]  INFO {org.apache.synapse.transport.passthru.PassThroughHttpSender} - Initializing Pass-through HTTP/S Sender...
TID: [-1234] [] [2022-06-08 12:12:06,258]  INFO {org.apache.synapse.transport.passthru.PassThroughHttpSender} - Pass-through HTTP Sender started...
TID: [-1234] [] [2022-06-08 12:12:06,259]  INFO {org.apache.synapse.transport.passthru.PassThroughHttpSSLSender} - Initializing Pass-through HTTP/S Sender...
TID: [-1234] [] [2022-06-08 12:12:06,314]  INFO {org.apache.synapse.transport.nhttp.config.ClientConnFactoryBuilder} - customSSLProfiles configuration is loaded from path: /mnt/d/WS02Deployment/WS02/WSO2/wso2am-3.2.0/wso2am-3.2.0/repository/resources/security/sslprofiles.xml
TID: [-1234] [] [2022-06-08 12:12:06,315]  INFO {org.apache.synapse.transport.nhttp.config.ClientConnFactoryBuilder} - HTTPS Loading custom SSL profiles for the HTTPS sender
TID: [-1234] [] [2022-06-08 12:12:06,326]  INFO {org.apache.synapse.transport.nhttp.config.ClientConnFactoryBuilder} - HTTPS Custom SSL profiles initialized for 1 servers
TID: [-1234] [] [2022-06-08 12:12:06,329]  INFO {org.apache.synapse.transport.passthru.PassThroughHttpSSLSender} - Pass-through HTTPS Sender started...
TID: [-1234] [] [2022-06-08 12:12:06,401]  INFO {org.wso2.carbon.websocket.transport.WebsocketTransportSender} - WS Sender started
TID: [-1234] [] [2022-06-08 12:12:06,450]  INFO {org.apache.synapse.transport.passthru.PassThroughHttpListener} - Initializing Pass-through HTTP/S Listener...
TID: [-1234] [] [2022-06-08 12:12:06,521]  INFO {org.apache.synapse.transport.passthru.PassThroughHttpMultiSSLListener} - Initializing Pass-through HTTP/S Listener...
TID: [-1234] [] [2022-06-08 12:12:06,546]  INFO {org.apache.synapse.transport.nhttp.config.ServerConnFactoryBuilder} - SSLProfile configuration is loaded from path: /mnt/d/WS02Deployment/WS02/WSO2/wso2am-3.2.0/wso2am-3.2.0/repository/resources/security/listenerprofiles.xml
TID: [-1234] [I18nEmailMgtConfigService] [2022-06-08 12:12:09,838]  INFO {org.wso2.carbon.core.deployment.DeploymentInterceptor} - Deploying Axis2 service: I18nEmailMgtConfigService {super-tenant}
TID: [-1234] [AccountCredentialMgtConfigService] [2022-06-08 12:12:12,824]  INFO {org.wso2.carbon.core.deployment.DeploymentInterceptor} - Deploying Axis2 service: AccountCredentialMgtConfigService {super-tenant}
TID: [-1234] [UserIdentityManagementAdminService] [2022-06-08 12:12:12,826]  INFO {org.wso2.carbon.core.deployment.DeploymentInterceptor} - Deploying Axis2 service: UserIdentityManagementAdminService {super-tenant}
TID: [-1234] [UserInformationRecoveryService] [2022-06-08 12:12:12,829]  INFO {org.wso2.carbon.core.deployment.DeploymentInterceptor} - Deploying Axis2 service: UserInformationRecoveryService {super-tenant}
TID: [-1234] [] [2022-06-08 12:12:17,635]  WARN {org.apache.axis2.description.java2wsdl.DefaultSchemaGenerator} - We don't support method overloading. Ignoring [generateUpdatedAPIFromSwagger]
TID: [-1234] [] [2022-06-08 12:12:22,793]  INFO {org.wso2.carbon.core.init.CarbonServerManager} - Repository       : /mnt/d/WS02Deployment/WS02/WSO2/wso2am-3.2.0/wso2am-3.2.0/repository/deployment/server/
TID: [-1] [] [2022-06-08 12:12:22,822]  INFO {org.wso2.carbon.event.input.adapter.kafka.internal.ds.KafkaEventAdapterServiceHolder} - Kafka input event adaptor waiting for dependent configurations to load
TID: [-1234] [] [2022-06-08 12:12:23,082]  INFO {org.wso2.carbon.andes.core.internal.ds.QueueManagerServiceDS} - Successfully created the queue manager service
TID: [-1234] [] [2022-06-08 12:12:23,093]  INFO {org.wso2.carbon.andes.core.internal.ds.SubscriptionManagerServiceDS} - Successfully created the subscription manager service
TID: [-1234] [] [2022-06-08 12:12:23,154]  INFO {org.wso2.carbon.core.multitenancy.eager.TenantLoadingConfig} - Using tenant lazy loading policy...
TID: [-1234] [] [2022-06-08 12:12:23,173]  INFO {org.wso2.carbon.core.internal.permission.update.PermissionUpdater} - Permission cache updated for tenant -1234
TID: [-1234] [] [2022-06-08 12:12:24,543]  WARN {org.wso2.carbon.identity.application.mgt.internal.ApplicationManagementServiceComponent} - Templates directory not found at /mnt/d/WS02Deployment/WS02/WSO2/wso2am-3.2.0/wso2am-3.2.0/repository/resources/identity/authntemplates
TID: [-1234] [] [2022-06-08 12:12:25,788]  INFO {org.wso2.carbon.user.core.internal.UserStoreMgtDSComponent} - Claim manager set for class org.wso2.carbon.user.core.common.DefaultRealm
TID: [-1234] [] [2022-06-08 12:12:25,823]  INFO {org.wso2.carbon.user.core.internal.UserStoreMgtDSComponent} - Claim manager set for class org.wso2.carbon.user.core.jdbc.UniqueIDJDBCUserStoreManager
TID: [-1] [] [2022-06-08 12:12:26,096]  INFO {org.wso2.carbon.identity.entitlement.internal.SchemaBuilder} - XACML policy schema loaded successfully.
TID: [-1234] [] [2022-06-08 12:12:26,535]  INFO {org.wso2.carbon.identity.oauth.config.OAuthServerConfiguration} - The default OAuth token issuer will be used. No custom token generator is set.
TID: [-1234] [] [2022-06-08 12:12:28,935]  INFO {org.wso2.carbon.apimgt.jms.listener.utils.JMSConnectionFactory} - JMS ConnectionFactory : Siddhi-JMS-Consumer initialized
TID: [-1234] [] [2022-06-08 12:12:29,417]  INFO {org.wso2.carbon.identity.oauth2.internal.OAuth2ServiceComponent} - PKCE Support enabled.
TID: [-1234] [] [2022-06-08 12:12:29,809]  WARN {org.wso2.carbon.identity.event.internal.IdentityEventServiceComponent} - Properties for TokenBindingExpiryEventHandler is not configured. This event handler will not be activated
TID: [-1234] [] [2022-06-08 12:12:31,115]  WARN {org.wso2.carbon.identity.event.internal.IdentityEventServiceComponent} - Properties for identityUserMetadataMgtHandler is not configured. This event handler will not be activated
TID: [-1234] [] [2022-06-08 12:12:31,267]  WARN {org.wso2.carbon.identity.event.internal.IdentityEventServiceComponent} - Properties for challengeAnswerValidation is not configured. This event handler will not be activated
TID: [-1234] [] [2022-06-08 12:12:31,400]  INFO {org.wso2.carbon.identity.application.authentication.framework.store.SessionDataStore} - Thread pool size for temporary authentication context data delete task: 20
TID: [-1234] [] [2022-06-08 12:12:43,254]  INFO {org.wso2.carbon.mediation.initializer.ServiceBusInitializer} - Starting ESB...
TID: [-1234] [] [2022-06-08 12:12:43,298]  INFO {org.wso2.carbon.mediation.initializer.ServiceBusInitializer} - Initializing Apache Synapse...
TID: [-1234] [] [2022-06-08 12:12:43,374]  INFO {org.apache.synapse.SynapseControllerFactory} - Using Synapse home : /mnt/d/WS02Deployment/WS02/WSO2/wso2am-3.2.0/wso2am-3.2.0/.
TID: [-1234] [] [2022-06-08 12:12:43,379]  INFO {org.apache.synapse.SynapseControllerFactory} - Using synapse.xml location : /mnt/d/WS02Deployment/WS02/WSO2/wso2am-3.2.0/wso2am-3.2.0/././repository/deployment/server/synapse-configs/default
TID: [-1234] [] [2022-06-08 12:12:43,379]  INFO {org.apache.synapse.SynapseControllerFactory} - Using server name : localhost
TID: [-1234] [] [2022-06-08 12:12:43,575]  INFO {org.apache.synapse.SynapseControllerFactory} - The timeout handler will run every : 15s
TID: [-1234] [] [2022-06-08 12:12:43,649]  INFO {org.apache.synapse.Axis2SynapseController} - Initializing Synapse at : Wed Jun 08 12:12:43 EAT 2022
TID: [-1234] [] [2022-06-08 12:12:43,675]  INFO {org.wso2.carbon.mediation.initializer.CarbonSynapseController} - Loading the mediation configuration from the file system
TID: [-1234] [] [2022-06-08 12:12:43,686]  INFO {org.apache.synapse.config.xml.MultiXMLConfigurationBuilder} - Building synapse configuration from the synapse artifact repository at : ././repository/deployment/server/synapse-configs/default
TID: [-1234] [] [2022-06-08 12:12:43,726]  INFO {org.apache.synapse.config.xml.XMLConfigurationBuilder} - Generating the Synapse configuration model by parsing the XML configuration
TID: [-1234] [] [2022-06-08 12:12:43,968]  INFO {org.wso2.carbon.mediation.dependency.mgt.DependencyTracker} - Local entry : 6ea7f85b-2fe0-4bb3-8a04-f9b65f9e6d25 was added to the Synapse configuration successfully
TID: [-1234] [] [2022-06-08 12:12:44,019]  INFO {org.wso2.carbon.mediation.dependency.mgt.DependencyTracker} - Local entry : b898e267-279c-4d36-9a37-11d258e53091_graphQL was added to the Synapse configuration successfully
TID: [-1234] [] [2022-06-08 12:12:44,050]  INFO {org.wso2.carbon.mediation.dependency.mgt.DependencyTracker} - Local entry : cbd0f0c8-2d2c-4632-af56-f011788f2eac was added to the Synapse configuration successfully
TID: [-1234] [] [2022-06-08 12:12:44,078]  INFO {org.wso2.carbon.mediation.dependency.mgt.DependencyTracker} - Local entry : ga-config-key was added to the Synapse configuration successfully
TID: [-1234] [] [2022-06-08 12:12:44,222]  INFO {org.wso2.carbon.mediation.dependency.mgt.DependencyTracker} - Endpoint : MOLG--v1.0.0_APIproductionEndpoint was added to the Synapse configuration successfully
TID: [-1234] [] [2022-06-08 12:12:44,251]  INFO {org.wso2.carbon.mediation.dependency.mgt.DependencyTracker} - Endpoint : MOLG--v1.0.0_APIsandboxEndpoint was added to the Synapse configuration successfully
TID: [-1234] [] [2022-06-08 12:12:44,285]  INFO {org.wso2.carbon.mediation.dependency.mgt.DependencyTracker} - Endpoint : PBS-MOFPED-OPEN-API--v1.0.0_APIproductionEndpoint was added to the Synapse configuration successfully
TID: [-1234] [] [2022-06-08 12:12:44,318]  INFO {org.wso2.carbon.mediation.dependency.mgt.DependencyTracker} - Endpoint : PBS-MOFPED-OPEN-API--v1.0.0_APIsandboxEndpoint was added to the Synapse configuration successfully
TID: [-1234] [] [2022-06-08 12:12:44,347]  INFO {org.wso2.carbon.mediation.dependency.mgt.DependencyTracker} - Endpoint : UGPOLICE--v1.0.0_APIproductionEndpoint was added to the Synapse configuration successfully
TID: [-1234] [] [2022-06-08 12:12:44,375]  INFO {org.wso2.carbon.mediation.dependency.mgt.DependencyTracker} - Endpoint : UGPOLICE--v1.0.0_APIsandboxEndpoint was added to the Synapse configuration successfully
TID: [-1234] [] [2022-06-08 12:12:44,631]  INFO {org.wso2.carbon.mediation.dependency.mgt.DependencyTracker} - Sequence : admin--PBS-MOFPED-OPEN-API:v1.0.0--In was added to the Synapse configuration successfully
TID: [-1234] [] [2022-06-08 12:12:44,661]  INFO {org.wso2.carbon.mediation.dependency.mgt.DependencyTracker} - Sequence : admin--UGPOLICE:v1.0.0--Fault was added to the Synapse configuration successfully
TID: [-1234] [] [2022-06-08 12:12:44,699]  INFO {org.wso2.carbon.mediation.dependency.mgt.DependencyTracker} - Sequence : admin--UGPOLICE:v1.0.0--In was added to the Synapse configuration successfully
TID: [-1234] [] [2022-06-08 12:12:44,729]  INFO {org.wso2.carbon.mediation.dependency.mgt.DependencyTracker} - Sequence : dispatchSeq was added to the Synapse configuration successfully
TID: [-1234] [] [2022-06-08 12:12:44,887]  INFO {org.wso2.carbon.mediation.dependency.mgt.DependencyTracker} - Sequence : fault was added to the Synapse configuration successfully
TID: [-1234] [] [2022-06-08 12:12:44,990]  INFO {org.wso2.carbon.mediation.dependency.mgt.DependencyTracker} - Sequence : main was added to the Synapse configuration successfully
TID: [-1234] [] [2022-06-08 12:12:45,015]  INFO {org.wso2.carbon.mediation.dependency.mgt.DependencyTracker} - Sequence : outDispatchSeq was added to the Synapse configuration successfully
TID: [-1234] [] [2022-06-08 12:12:45,041]  INFO {org.wso2.carbon.mediation.dependency.mgt.DependencyTracker} - Sequence : _auth_failure_handler_ was added to the Synapse configuration successfully
TID: [-1234] [] [2022-06-08 12:12:45,218]  INFO {org.wso2.carbon.mediation.dependency.mgt.DependencyTracker} - Sequence : _build_ was added to the Synapse configuration successfully
TID: [-1234] [] [2022-06-08 12:12:45,280]  INFO {org.wso2.carbon.mediation.dependency.mgt.DependencyTracker} - Sequence : _cors_request_handler_ was added to the Synapse configuration successfully
TID: [-1234] [] [2022-06-08 12:12:45,308]  INFO {org.wso2.carbon.mediation.dependency.mgt.DependencyTracker} - Sequence : _graphql_failure_handler was added to the Synapse configuration successfully
TID: [-1234] [] [2022-06-08 12:12:45,348]  INFO {org.wso2.carbon.mediation.dependency.mgt.DependencyTracker} - Sequence : _production_key_error_ was added to the Synapse configuration successfully
TID: [-1234] [] [2022-06-08 12:12:45,410]  INFO {org.wso2.carbon.mediation.dependency.mgt.DependencyTracker} - Sequence : _resource_mismatch_handler_ was added to the Synapse configuration successfully
TID: [-1234] [] [2022-06-08 12:12:45,495]  INFO {org.wso2.carbon.mediation.dependency.mgt.DependencyTracker} - Sequence : _sandbox_key_error_ was added to the Synapse configuration successfully
TID: [-1234] [] [2022-06-08 12:12:45,631]  INFO {org.wso2.carbon.mediation.dependency.mgt.DependencyTracker} - Sequence : _threat_fault_ was added to the Synapse configuration successfully
TID: [-1234] [] [2022-06-08 12:12:45,681]  INFO {org.wso2.carbon.mediation.dependency.mgt.DependencyTracker} - Sequence : _throttle_out_handler_ was added to the Synapse configuration successfully
TID: [-1234] [] [2022-06-08 12:12:45,775]  INFO {org.wso2.carbon.mediation.dependency.mgt.DependencyTracker} - Sequence : _token_fault_ was added to the Synapse configuration successfully
TID: [-1234] [] [2022-06-08 12:12:46,109]  INFO {org.wso2.carbon.mediation.dependency.mgt.DependencyTracker} - Proxy service : WorkflowCallbackService was added to the Synapse configuration successfully
TID: [-1234] [] [2022-06-08 12:12:49,936]  INFO {org.wso2.carbon.mediation.dependency.mgt.DependencyTracker} - API : admin--MOLG:v1.0.0 was added to the Synapse configuration successfully
TID: [-1234] [] [2022-06-08 12:12:50,157]  INFO {org.wso2.carbon.mediation.dependency.mgt.DependencyTracker} - API : admin--PBS-MOFPED-OPEN-API:v1.0.0 was added to the Synapse configuration successfully
TID: [-1234] [] [2022-06-08 12:12:50,215]  INFO {org.wso2.carbon.mediation.dependency.mgt.DependencyTracker} - API : admin--UGPOLICE:v1.0.0 was added to the Synapse configuration successfully
TID: [-1234] [] [2022-06-08 12:12:50,269]  INFO {org.wso2.carbon.mediation.dependency.mgt.DependencyTracker} - API : _WSO2AMAuthenticationEPAPI_ was added to the Synapse configuration successfully
TID: [-1234] [] [2022-06-08 12:12:50,315]  INFO {org.wso2.carbon.mediation.dependency.mgt.DependencyTracker} - API : _WSO2AMAuthorizeAPI_ was added to the Synapse configuration successfully
TID: [-1234] [] [2022-06-08 12:12:50,363]  INFO {org.wso2.carbon.mediation.dependency.mgt.DependencyTracker} - API : _WSO2AMLoginContextAPI_ was added to the Synapse configuration successfully
TID: [-1234] [] [2022-06-08 12:12:50,399]  INFO {org.wso2.carbon.mediation.dependency.mgt.DependencyTracker} - API : _WSO2OIDCAPI_ was added to the Synapse configuration successfully
TID: [-1234] [] [2022-06-08 12:12:50,449]  INFO {org.wso2.carbon.mediation.dependency.mgt.DependencyTracker} - API : _WSO2AMOpenIDConfigAPI_ was added to the Synapse configuration successfully
TID: [-1234] [] [2022-06-08 12:12:50,529]  INFO {org.wso2.carbon.mediation.dependency.mgt.DependencyTracker} - API : _OpenService_ was added to the Synapse configuration successfully
TID: [-1234] [] [2022-06-08 12:12:50,595]  INFO {org.wso2.carbon.mediation.dependency.mgt.DependencyTracker} - API : _WSO2AMRevokeAPI_ was added to the Synapse configuration successfully
TID: [-1234] [] [2022-06-08 12:12:50,652]  INFO {org.wso2.carbon.mediation.dependency.mgt.DependencyTracker} - API : _WSO2AMTokenAPI_ was added to the Synapse configuration successfully
TID: [-1234] [] [2022-06-08 12:12:50,689]  INFO {org.wso2.carbon.mediation.dependency.mgt.DependencyTracker} - API : _WSO2AMUserInfoAPI_ was added to the Synapse configuration successfully
TID: [-1234] [] [2022-06-08 12:12:50,757]  INFO {org.wso2.carbon.mediation.dependency.mgt.DependencyTracker} - Inbound Endpoint : SecureWebSocketEP was added to the Synapse configuration successfully
TID: [-1234] [] [2022-06-08 12:12:50,791]  INFO {org.wso2.carbon.mediation.dependency.mgt.DependencyTracker} - Inbound Endpoint : WebSocketInboundEndpoint was added to the Synapse configuration successfully
TID: [-1234] [] [2022-06-08 12:12:50,805]  INFO {org.apache.synapse.config.SynapseConfigurationBuilder} - Loaded Synapse configuration from the artifact repository at : ././repository/deployment/server/synapse-configs/default
TID: [-1234] [] [2022-06-08 12:12:50,808]  INFO {org.wso2.carbon.mediation.dependency.mgt.DependencyTracker} - Local entry : SERVER_HOST was added to the Synapse configuration successfully
TID: [-1234] [] [2022-06-08 12:12:50,809]  INFO {org.wso2.carbon.mediation.dependency.mgt.DependencyTracker} - Local entry : SERVER_IP was added to the Synapse configuration successfully
TID: [-1234] [] [2022-06-08 12:12:50,902]  INFO {org.apache.synapse.Axis2SynapseController} - Loading mediator extensions...
TID: [-1] [] [2022-06-08 12:13:02,832]  INFO {org.wso2.carbon.event.processor.manager.core.internal.CarbonEventManagementService} - Starting polling event receivers
TID: [-1] [] [2022-06-08 12:13:23,135]  WARN {org.wso2.carbon.application.deployer.internal.AppDeployerServiceComponent} - Waiting for required OSGi services: org.wso2.carbon.application.deployer.synapse.service.SynapseAppDeployerService,org.wso2.carbon.mediation.initializer.services.SynapseEnvironmentService,
TID: [-1] [] [2022-06-08 12:13:23,161]  WARN {org.wso2.carbon.core.internal.StartupFinalizerServiceComponent} - Waiting for required OSGi services: org.wso2.carbon.application.deployer.service.CappDeploymentService,org.wso2.carbon.server.admin.common.IServerAdmin,org.wso2.carbon.throttling.agent.ThrottlingAgent,
TID: [-1234] [echo] [2022-06-08 12:14:11,728]  INFO {org.wso2.carbon.core.deployment.DeploymentInterceptor} - Deploying Axis2 service: echo {super-tenant}
TID: [-1234] [Version] [2022-06-08 12:14:11,881]  INFO {org.wso2.carbon.core.deployment.DeploymentInterceptor} - Deploying Axis2 service: Version {super-tenant}
TID: [-1234] [] [2022-06-08 12:14:11,971]  INFO {org.wso2.carbon.event.stream.core.EventStreamDeployer} - Stream definition is deployed successfully  : id_gov_notify_stream:1.0.0
TID: [-1234] [] [2022-06-08 12:14:11,988]  INFO {org.wso2.carbon.event.stream.core.EventStreamDeployer} - Stream definition is deployed successfully  : org.wso2.apimgt.cache.invalidation.stream:1.0.0
TID: [-1234] [] [2022-06-08 12:14:11,999]  INFO {org.wso2.carbon.event.stream.core.EventStreamDeployer} - Stream definition is deployed successfully  : org.wso2.apimgt.keymgt.stream:1.0.0
TID: [-1234] [] [2022-06-08 12:14:12,010]  INFO {org.wso2.carbon.event.stream.core.EventStreamDeployer} - Stream definition is deployed successfully  : org.wso2.apimgt.notification.stream:1.0.0
TID: [-1234] [] [2022-06-08 12:14:12,021]  INFO {org.wso2.carbon.event.stream.core.EventStreamDeployer} - Stream definition is deployed successfully  : org.wso2.apimgt.recommendation.event.stream:1.0.0
TID: [-1234] [] [2022-06-08 12:14:12,030]  INFO {org.wso2.carbon.event.stream.core.EventStreamDeployer} - Stream definition is deployed successfully  : org.wso2.apimgt.token.revocation.stream:1.0.0
TID: [-1234] [] [2022-06-08 12:14:12,043]  INFO {org.wso2.carbon.event.stream.core.EventStreamDeployer} - Stream definition is deployed successfully  : org.wso2.blocking.request.stream:1.0.0
TID: [-1234] [] [2022-06-08 12:14:12,058]  INFO {org.wso2.carbon.event.stream.core.EventStreamDeployer} - Stream definition is deployed successfully  : org.wso2.botDetectionData.request.stream:1.0.0
TID: [-1234] [] [2022-06-08 12:14:12,069]  INFO {org.wso2.carbon.event.stream.core.EventStreamDeployer} - Stream definition is deployed successfully  : org.wso2.keytemplate.request.stream:1.0.0
TID: [-1234] [] [2022-06-08 12:14:12,080]  INFO {org.wso2.carbon.event.stream.core.EventStreamDeployer} - Stream definition is deployed successfully  : org.wso2.throttle.globalThrottle.stream:1.0.0
TID: [-1234] [] [2022-06-08 12:14:12,094]  INFO {org.wso2.carbon.event.stream.core.EventStreamDeployer} - Stream definition is deployed successfully  : org.wso2.throttle.globalThrottle.stream:1.1.0
TID: [-1234] [] [2022-06-08 12:14:12,105]  INFO {org.wso2.carbon.event.stream.core.EventStreamDeployer} - Stream definition is deployed successfully  : org.wso2.throttle.processed.request.stream:1.0.0
TID: [-1234] [] [2022-06-08 12:14:12,114]  INFO {org.wso2.carbon.event.stream.core.EventStreamDeployer} - Stream definition is deployed successfully  : org.wso2.throttle.request.stream:1.0.0
TID: [-1234] [] [2022-06-08 12:14:12,255]  INFO {org.wso2.carbon.event.stream.core.internal.EventJunction} - WSO2EventConsumer added to the junction. Stream:id_gov_notify_stream:1.0.0
TID: [-1234] [] [2022-06-08 12:14:12,291]  INFO {org.wso2.carbon.event.publisher.core.EventPublisherDeployer} - Event Publisher configuration successfully deployed and in active state : EmailPublisher
TID: [-1234] [] [2022-06-08 12:14:12,315]  INFO {org.wso2.carbon.event.stream.core.internal.EventJunction} - WSO2EventConsumer added to the junction. Stream:org.wso2.apimgt.recommendation.event.stream:1.0.0
TID: [-1234] [] [2022-06-08 12:14:12,351]  INFO {org.wso2.carbon.event.publisher.core.EventPublisherDeployer} - Event Publisher configuration successfully deployed and in active state : HTTP-recommendationEventPublisher
TID: [-1234] [] [2022-06-08 12:14:12,370]  INFO {org.wso2.carbon.event.stream.core.internal.EventJunction} - WSO2EventConsumer added to the junction. Stream:org.wso2.blocking.request.stream:1.0.0
TID: [-1234] [] [2022-06-08 12:14:12,426]  INFO {org.wso2.carbon.event.publisher.core.EventPublisherDeployer} - Event Publisher configuration successfully deployed and in active state : blockingEventJMSPublisher
TID: [-1234] [] [2022-06-08 12:14:12,449]  INFO {org.wso2.carbon.event.stream.core.internal.EventJunction} - WSO2EventConsumer added to the junction. Stream:org.wso2.apimgt.cache.invalidation.stream:1.0.0
TID: [-1234] [] [2022-06-08 12:14:12,450]  INFO {org.wso2.carbon.event.publisher.core.EventPublisherDeployer} - Event Publisher configuration successfully deployed and in active state : cacheInvalidationJMSPublisher
TID: [-1234] [] [2022-06-08 12:14:12,463]  INFO {org.wso2.carbon.event.stream.core.internal.EventJunction} - WSO2EventConsumer added to the junction. Stream:org.wso2.throttle.globalThrottle.stream:1.0.0
TID: [-1234] [] [2022-06-08 12:14:12,464]  INFO {org.wso2.carbon.event.publisher.core.EventPublisherDeployer} - Event Publisher configuration successfully deployed and in active state : jmsEventPublisher
TID: [-1234] [] [2022-06-08 12:14:12,479]  INFO {org.wso2.carbon.event.stream.core.internal.EventJunction} - WSO2EventConsumer added to the junction. Stream:org.wso2.throttle.globalThrottle.stream:1.0.0
TID: [-1234] [] [2022-06-08 12:14:12,480]  INFO {org.wso2.carbon.event.publisher.core.EventPublisherDeployer} - Event Publisher configuration successfully deployed and in active state : jmsEventPublisher2
TID: [-1234] [] [2022-06-08 12:14:12,493]  INFO {org.wso2.carbon.event.stream.core.internal.EventJunction} - WSO2EventConsumer added to the junction. Stream:org.wso2.throttle.globalThrottle.stream:1.1.0
TID: [-1234] [] [2022-06-08 12:14:12,494]  INFO {org.wso2.carbon.event.publisher.core.EventPublisherDeployer} - Event Publisher configuration successfully deployed and in active state : jmsEventPublisher-1.0.0
TID: [-1234] [] [2022-06-08 12:14:12,499]  INFO {org.wso2.carbon.event.stream.core.internal.EventJunction} - WSO2EventConsumer added to the junction. Stream:org.wso2.throttle.globalThrottle.stream:1.1.0
TID: [-1234] [] [2022-06-08 12:14:12,502]  INFO {org.wso2.carbon.event.publisher.core.EventPublisherDeployer} - Event Publisher configuration successfully deployed and in active state : jmsEventPublisher-1.0.0-2
TID: [-1234] [] [2022-06-08 12:14:12,512]  INFO {org.wso2.carbon.event.stream.core.internal.EventJunction} - WSO2EventConsumer added to the junction. Stream:org.wso2.keytemplate.request.stream:1.0.0
TID: [-1234] [] [2022-06-08 12:14:12,513]  INFO {org.wso2.carbon.event.publisher.core.EventPublisherDeployer} - Event Publisher configuration successfully deployed and in active state : keyTemplateEventPublisher
TID: [-1234] [] [2022-06-08 12:14:12,527]  INFO {org.wso2.carbon.event.stream.core.internal.EventJunction} - WSO2EventConsumer added to the junction. Stream:org.wso2.apimgt.keymgt.stream:1.0.0
TID: [-1234] [] [2022-06-08 12:14:12,528]  INFO {org.wso2.carbon.event.publisher.core.EventPublisherDeployer} - Event Publisher configuration successfully deployed and in active state : keymgtEventJMSEventPublisher
TID: [-1234] [] [2022-06-08 12:14:12,541]  INFO {org.wso2.carbon.event.stream.core.internal.EventJunction} - WSO2EventConsumer added to the junction. Stream:org.wso2.apimgt.notification.stream:1.0.0
TID: [-1234] [] [2022-06-08 12:14:12,543]  INFO {org.wso2.carbon.event.publisher.core.EventPublisherDeployer} - Event Publisher configuration successfully deployed and in active state : notificationJMSPublisher
TID: [-1234] [] [2022-06-08 12:14:12,554]  INFO {org.wso2.carbon.event.stream.core.internal.EventJunction} - WSO2EventConsumer added to the junction. Stream:org.wso2.apimgt.token.revocation.stream:1.0.0
TID: [-1234] [] [2022-06-08 12:14:12,555]  INFO {org.wso2.carbon.event.publisher.core.EventPublisherDeployer} - Event Publisher configuration successfully deployed and in active state : tokenRevocationJMSPublisher
TID: [-1234] [] [2022-06-08 12:14:12,561]  INFO {org.wso2.carbon.event.stream.core.internal.EventJunction} - WSO2EventConsumer added to the junction. Stream:org.wso2.apimgt.token.revocation.stream:1.0.0
TID: [-1234] [] [2022-06-08 12:14:12,563]  INFO {org.wso2.carbon.event.publisher.core.EventPublisherDeployer} - Event Publisher configuration successfully deployed and in active state : tokenRevocationJMSPublisher2
TID: [-1234] [] [2022-06-08 12:14:12,730]  INFO {org.wso2.carbon.event.input.adapter.core.internal.InputAdapterRuntime} - Connecting receiver blockingWso2EventReceiver
TID: [-1234] [] [2022-06-08 12:14:12,737]  INFO {org.wso2.carbon.event.stream.core.internal.EventJunction} - Producer added to the junction. Stream:org.wso2.blocking.request.stream:1.0.0
TID: [-1234] [] [2022-06-08 12:14:12,745]  INFO {org.wso2.carbon.event.receiver.core.EventReceiverDeployer} - Event Receiver configuration successfully deployed and in active state: blockingWso2EventReceiver
TID: [-1234] [] [2022-06-08 12:14:12,781]  INFO {org.wso2.carbon.event.input.adapter.core.internal.InputAdapterRuntime} - Connecting receiver cacheInvalidationWso2EventReceiver
TID: [-1234] [] [2022-06-08 12:14:12,785]  INFO {org.wso2.carbon.event.stream.core.internal.EventJunction} - Producer added to the junction. Stream:org.wso2.apimgt.cache.invalidation.stream:1.0.0
TID: [-1234] [] [2022-06-08 12:14:12,787]  INFO {org.wso2.carbon.event.receiver.core.EventReceiverDeployer} - Event Receiver configuration successfully deployed and in active state: cacheInvalidationWso2EventReceiver
TID: [-1234] [] [2022-06-08 12:14:12,806]  INFO {org.wso2.carbon.event.input.adapter.core.internal.InputAdapterRuntime} - Connecting receiver keyMgtWso2EventReceiver
TID: [-1234] [] [2022-06-08 12:14:12,807]  INFO {org.wso2.carbon.event.stream.core.internal.EventJunction} - Producer added to the junction. Stream:org.wso2.apimgt.keymgt.stream:1.0.0
TID: [-1234] [] [2022-06-08 12:14:12,809]  INFO {org.wso2.carbon.event.receiver.core.EventReceiverDeployer} - Event Receiver configuration successfully deployed and in active state: keyMgtWso2EventReceiver
TID: [-1234] [] [2022-06-08 12:14:12,828]  INFO {org.wso2.carbon.event.input.adapter.core.internal.InputAdapterRuntime} - Connecting receiver keyTemplateWso2EventReceiver
TID: [-1234] [] [2022-06-08 12:14:12,829]  INFO {org.wso2.carbon.event.stream.core.internal.EventJunction} - Producer added to the junction. Stream:org.wso2.keytemplate.request.stream:1.0.0
TID: [-1234] [] [2022-06-08 12:14:12,830]  INFO {org.wso2.carbon.event.receiver.core.EventReceiverDeployer} - Event Receiver configuration successfully deployed and in active state: keyTemplateWso2EventReceiver
TID: [-1234] [] [2022-06-08 12:14:12,856]  INFO {org.wso2.carbon.event.input.adapter.core.internal.InputAdapterRuntime} - Connecting receiver notificationsWSO2EventReceiver
TID: [-1234] [] [2022-06-08 12:14:12,860]  INFO {org.wso2.carbon.event.stream.core.internal.EventJunction} - Producer added to the junction. Stream:org.wso2.apimgt.notification.stream:1.0.0
TID: [-1234] [] [2022-06-08 12:14:12,863]  INFO {org.wso2.carbon.event.receiver.core.EventReceiverDeployer} - Event Receiver configuration successfully deployed and in active state: notificationsWSO2EventReceiver
TID: [-1234] [] [2022-06-08 12:14:12,879]  INFO {org.wso2.carbon.event.input.adapter.core.internal.InputAdapterRuntime} - Connecting receiver recommendationWso2EventReceiver
TID: [-1234] [] [2022-06-08 12:14:12,880]  INFO {org.wso2.carbon.event.stream.core.internal.EventJunction} - Producer added to the junction. Stream:org.wso2.apimgt.recommendation.event.stream:1.0.0
TID: [-1234] [] [2022-06-08 12:14:12,881]  INFO {org.wso2.carbon.event.receiver.core.EventReceiverDeployer} - Event Receiver configuration successfully deployed and in active state: recommendationWso2EventReceiver
TID: [-1234] [] [2022-06-08 12:14:12,936]  INFO {org.wso2.carbon.event.input.adapter.core.internal.InputAdapterRuntime} - Connecting receiver throttleEventReceiver
TID: [-1234] [] [2022-06-08 12:14:12,949]  INFO {org.wso2.carbon.event.stream.core.internal.EventJunction} - Producer added to the junction. Stream:org.wso2.throttle.request.stream:1.0.0
TID: [-1234] [] [2022-06-08 12:14:12,952]  INFO {org.wso2.carbon.event.receiver.core.EventReceiverDeployer} - Event Receiver configuration successfully deployed and in active state: throttleEventReceiver
TID: [-1234] [] [2022-06-08 12:14:12,962]  INFO {org.wso2.carbon.event.input.adapter.core.internal.InputAdapterRuntime} - Connecting receiver throttleWSO2EventReceiver
TID: [-1234] [] [2022-06-08 12:14:12,964]  INFO {org.wso2.carbon.event.stream.core.internal.EventJunction} - Producer added to the junction. Stream:org.wso2.throttle.request.stream:1.0.0
TID: [-1234] [] [2022-06-08 12:14:12,969]  INFO {org.wso2.carbon.event.receiver.core.EventReceiverDeployer} - Event Receiver configuration successfully deployed and in active state: throttleWSO2EventReceiver
TID: [-1234] [] [2022-06-08 12:14:12,992]  INFO {org.wso2.carbon.event.input.adapter.core.internal.InputAdapterRuntime} - Connecting receiver tokenRevocationWso2EventReceiver
TID: [-1234] [] [2022-06-08 12:14:12,993]  INFO {org.wso2.carbon.event.stream.core.internal.EventJunction} - Producer added to the junction. Stream:org.wso2.apimgt.token.revocation.stream:1.0.0
TID: [-1234] [] [2022-06-08 12:14:12,995]  INFO {org.wso2.carbon.event.receiver.core.EventReceiverDeployer} - Event Receiver configuration successfully deployed and in active state: tokenRevocationWso2EventReceiver
TID: [-1234] [] [2022-06-08 12:14:13,714]  INFO {org.wso2.carbon.event.stream.core.internal.EventJunction} - Producer added to the junction. Stream:org.wso2.throttle.processed.request.stream:1.0.0
TID: [-1234] [] [2022-06-08 12:14:13,720]  INFO {org.wso2.carbon.event.stream.core.internal.EventJunction} - Consumer added to the junction. Stream:org.wso2.throttle.request.stream:1.0.0
TID: [-1234] [] [2022-06-08 12:14:13,722]  INFO {org.wso2.carbon.event.processor.core.EventProcessorDeployer} - Execution plan is deployed successfully and in active state  : requestPreProcessorExecutionPlan
TID: [-1234] [] [2022-06-08 12:14:13,857]  INFO {org.wso2.carbon.event.stream.core.internal.EventJunction} - Producer added to the junction. Stream:org.wso2.throttle.globalThrottle.stream:1.0.0
TID: [-1234] [] [2022-06-08 12:14:13,858]  INFO {org.wso2.carbon.event.stream.core.internal.EventJunction} - Consumer added to the junction. Stream:org.wso2.throttle.processed.request.stream:1.0.0
TID: [-1234] [] [2022-06-08 12:14:13,860]  INFO {org.wso2.carbon.event.processor.core.EventProcessorDeployer} - Execution plan is deployed successfully and in active state  : carbon.super_app_10PerMin
TID: [-1234] [] [2022-06-08 12:14:13,994]  INFO {org.wso2.carbon.event.stream.core.internal.EventJunction} - Producer added to the junction. Stream:org.wso2.throttle.globalThrottle.stream:1.0.0
TID: [-1234] [] [2022-06-08 12:14:13,997]  INFO {org.wso2.carbon.event.stream.core.internal.EventJunction} - Consumer added to the junction. Stream:org.wso2.throttle.processed.request.stream:1.0.0
TID: [-1234] [] [2022-06-08 12:14:14,001]  INFO {org.wso2.carbon.event.processor.core.EventProcessorDeployer} - Execution plan is deployed successfully and in active state  : carbon.super_app_20PerMin
TID: [-1234] [] [2022-06-08 12:14:14,087]  INFO {org.wso2.carbon.event.stream.core.internal.EventJunction} - Producer added to the junction. Stream:org.wso2.throttle.globalThrottle.stream:1.0.0
TID: [-1234] [] [2022-06-08 12:14:14,089]  INFO {org.wso2.carbon.event.stream.core.internal.EventJunction} - Consumer added to the junction. Stream:org.wso2.throttle.processed.request.stream:1.0.0
TID: [-1234] [] [2022-06-08 12:14:14,092]  INFO {org.wso2.carbon.event.processor.core.EventProcessorDeployer} - Execution plan is deployed successfully and in active state  : carbon.super_app_50PerMin
TID: [-1234] [] [2022-06-08 12:14:14,328]  INFO {org.wso2.carbon.event.stream.core.internal.EventJunction} - Producer added to the junction. Stream:org.wso2.throttle.globalThrottle.stream:1.0.0
TID: [-1234] [] [2022-06-08 12:14:14,330]  INFO {org.wso2.carbon.event.stream.core.internal.EventJunction} - Consumer added to the junction. Stream:org.wso2.throttle.processed.request.stream:1.0.0
TID: [-1234] [] [2022-06-08 12:14:14,331]  INFO {org.wso2.carbon.event.processor.core.EventProcessorDeployer} - Execution plan is deployed successfully and in active state  : carbon.super_resource_10KPerMin_default
TID: [-1234] [] [2022-06-08 12:14:14,471]  INFO {org.wso2.carbon.event.stream.core.internal.EventJunction} - Producer added to the junction. Stream:org.wso2.throttle.globalThrottle.stream:1.0.0
TID: [-1234] [] [2022-06-08 12:14:14,473]  INFO {org.wso2.carbon.event.stream.core.internal.EventJunction} - Consumer added to the junction. Stream:org.wso2.throttle.processed.request.stream:1.0.0
TID: [-1234] [] [2022-06-08 12:14:14,476]  INFO {org.wso2.carbon.event.processor.core.EventProcessorDeployer} - Execution plan is deployed successfully and in active state  : carbon.super_resource_20KPerMin_default
TID: [-1234] [] [2022-06-08 12:14:14,625]  INFO {org.wso2.carbon.event.stream.core.internal.EventJunction} - Producer added to the junction. Stream:org.wso2.throttle.globalThrottle.stream:1.0.0
TID: [-1234] [] [2022-06-08 12:14:14,627]  INFO {org.wso2.carbon.event.stream.core.internal.EventJunction} - Consumer added to the junction. Stream:org.wso2.throttle.processed.request.stream:1.0.0
TID: [-1234] [] [2022-06-08 12:14:14,630]  INFO {org.wso2.carbon.event.processor.core.EventProcessorDeployer} - Execution plan is deployed successfully and in active state  : carbon.super_resource_50KPerMin_default
TID: [-1234] [] [2022-06-08 12:14:14,861]  INFO {org.wso2.carbon.event.stream.core.internal.EventJunction} - Producer added to the junction. Stream:org.wso2.throttle.globalThrottle.stream:1.0.0
TID: [-1234] [] [2022-06-08 12:14:14,863]  INFO {org.wso2.carbon.event.stream.core.internal.EventJunction} - Consumer added to the junction. Stream:org.wso2.throttle.processed.request.stream:1.0.0
TID: [-1234] [] [2022-06-08 12:14:14,866]  INFO {org.wso2.carbon.event.processor.core.EventProcessorDeployer} - Execution plan is deployed successfully and in active state  : carbon.super_sub_Bronze
TID: [-1234] [] [2022-06-08 12:14:14,974]  INFO {org.wso2.carbon.event.stream.core.internal.EventJunction} - Producer added to the junction. Stream:org.wso2.throttle.globalThrottle.stream:1.0.0
TID: [-1234] [] [2022-06-08 12:14:14,975]  INFO {org.wso2.carbon.event.stream.core.internal.EventJunction} - Consumer added to the junction. Stream:org.wso2.throttle.processed.request.stream:1.0.0
TID: [-1234] [] [2022-06-08 12:14:14,977]  INFO {org.wso2.carbon.event.processor.core.EventProcessorDeployer} - Execution plan is deployed successfully and in active state  : carbon.super_sub_Gold
TID: [-1234] [] [2022-06-08 12:14:15,008]  INFO {org.wso2.carbon.event.stream.core.internal.EventJunction} - Producer added to the junction. Stream:org.wso2.throttle.globalThrottle.stream:1.0.0
TID: [-1234] [] [2022-06-08 12:14:15,009]  INFO {org.wso2.carbon.event.stream.core.internal.EventJunction} - Consumer added to the junction. Stream:org.wso2.throttle.processed.request.stream:1.0.0
TID: [-1234] [] [2022-06-08 12:14:15,010]  INFO {org.wso2.carbon.event.processor.core.EventProcessorDeployer} - Execution plan is deployed successfully and in active state  : carbon.super_sub_Silver
TID: [-1234] [] [2022-06-08 12:14:15,039]  INFO {org.wso2.carbon.event.stream.core.internal.EventJunction} - Producer added to the junction. Stream:org.wso2.throttle.globalThrottle.stream:1.0.0
TID: [-1234] [] [2022-06-08 12:14:15,040]  INFO {org.wso2.carbon.event.stream.core.internal.EventJunction} - Consumer added to the junction. Stream:org.wso2.throttle.processed.request.stream:1.0.0
TID: [-1234] [] [2022-06-08 12:14:15,041]  INFO {org.wso2.carbon.event.processor.core.EventProcessorDeployer} - Execution plan is deployed successfully and in active state  : carbon.super_sub_Unauthenticated
TID: [-1] [] [2022-06-08 12:14:23,134]  WARN {org.wso2.carbon.application.deployer.internal.AppDeployerServiceComponent} - Waiting for required OSGi services: org.wso2.carbon.application.deployer.synapse.service.SynapseAppDeployerService,org.wso2.carbon.mediation.initializer.services.SynapseEnvironmentService,
TID: [-1] [] [2022-06-08 12:14:23,160]  WARN {org.wso2.carbon.core.internal.StartupFinalizerServiceComponent} - Waiting for required OSGi services: org.wso2.carbon.application.deployer.service.CappDeploymentService,org.wso2.carbon.server.admin.common.IServerAdmin,org.wso2.carbon.throttling.agent.ThrottlingAgent,
TID: [-1234] [accountrecoveryendpoint] [2022-06-08 12:14:23,800]  INFO {org.wso2.carbon.webapp.mgt.TomcatGenericWebappsDeployer} - Deployed webapp: StandardEngine[Catalina].StandardHost[localhost].StandardContext[/accountrecoveryendpoint].File[/mnt/d/WS02Deployment/WS02/WSO2/wso2am-3.2.0/wso2am-3.2.0/repository/deployment/server/webapps/accountrecoveryendpoint]
TID: [-1234] [am#sample#calculator#v1] [2022-06-08 12:15:05,535]  INFO {org.wso2.carbon.webapp.mgt.TomcatGenericWebappsDeployer} - Deployed webapp: StandardEngine[Catalina].StandardHost[localhost].StandardContext[/am/sample/calculator/v1].File[/mnt/d/WS02Deployment/WS02/WSO2/wso2am-3.2.0/wso2am-3.2.0/repository/deployment/server/webapps/am#sample#calculator#v1.war]
TID: [-1] [] [2022-06-08 12:15:23,135]  WARN {org.wso2.carbon.application.deployer.internal.AppDeployerServiceComponent} - Waiting for required OSGi services: org.wso2.carbon.application.deployer.synapse.service.SynapseAppDeployerService,org.wso2.carbon.mediation.initializer.services.SynapseEnvironmentService,
TID: [-1] [] [2022-06-08 12:15:23,160]  WARN {org.wso2.carbon.core.internal.StartupFinalizerServiceComponent} - Waiting for required OSGi services: org.wso2.carbon.application.deployer.service.CappDeploymentService,org.wso2.carbon.server.admin.common.IServerAdmin,org.wso2.carbon.throttling.agent.ThrottlingAgent,
TID: [-1234] [am#sample#pizzashack#v1] [2022-06-08 12:15:43,957]  INFO {org.wso2.carbon.webapp.mgt.TomcatGenericWebappsDeployer} - Deployed webapp: StandardEngine[Catalina].StandardHost[localhost].StandardContext[/am/sample/pizzashack/v1].File[/mnt/d/WS02Deployment/WS02/WSO2/wso2am-3.2.0/wso2am-3.2.0/repository/deployment/server/webapps/am#sample#pizzashack#v1.war]
TID: [-1234] [api] [2022-06-08 12:15:45,162]  INFO {org.wso2.carbon.webapp.mgt.TomcatGenericWebappsDeployer} - Deployed webapp: StandardEngine[Catalina].StandardHost[localhost].StandardContext[/api].File[/mnt/d/WS02Deployment/WS02/WSO2/wso2am-3.2.0/wso2am-3.2.0/repository/deployment/server/webapps/api]
TID: [-1] [] [2022-06-08 12:16:23,135]  WARN {org.wso2.carbon.application.deployer.internal.AppDeployerServiceComponent} - Waiting for required OSGi services: org.wso2.carbon.application.deployer.synapse.service.SynapseAppDeployerService,org.wso2.carbon.mediation.initializer.services.SynapseEnvironmentService,
TID: [-1] [] [2022-06-08 12:16:23,164]  WARN {org.wso2.carbon.core.internal.StartupFinalizerServiceComponent} - Waiting for required OSGi services: org.wso2.carbon.application.deployer.service.CappDeploymentService,org.wso2.carbon.server.admin.common.IServerAdmin,org.wso2.carbon.throttling.agent.ThrottlingAgent,
TID: [-1234] [api#am#admin#v0.17] [2022-06-08 12:16:32,169]  INFO {org.wso2.carbon.webapp.mgt.TomcatGenericWebappsDeployer} - Deployed webapp: StandardEngine[Catalina].StandardHost[localhost].StandardContext[/api/am/admin/v0.17].File[/mnt/d/WS02Deployment/WS02/WSO2/wso2am-3.2.0/wso2am-3.2.0/repository/deployment/server/webapps/api#am#admin#v0.17.war]
TID: [-1234] [api#am#admin] [2022-06-08 12:17:22,802]  INFO {org.wso2.carbon.webapp.mgt.TomcatGenericWebappsDeployer} - Deployed webapp: StandardEngine[Catalina].StandardHost[localhost].StandardContext[/api/am/admin].File[/mnt/d/WS02Deployment/WS02/WSO2/wso2am-3.2.0/wso2am-3.2.0/repository/deployment/server/webapps/api#am#admin.war]
TID: [-1] [] [2022-06-08 12:17:23,134]  WARN {org.wso2.carbon.application.deployer.internal.AppDeployerServiceComponent} - Waiting for required OSGi services: org.wso2.carbon.application.deployer.synapse.service.SynapseAppDeployerService,org.wso2.carbon.mediation.initializer.services.SynapseEnvironmentService,
TID: [-1] [] [2022-06-08 12:17:23,160]  WARN {org.wso2.carbon.core.internal.StartupFinalizerServiceComponent} - Waiting for required OSGi services: org.wso2.carbon.application.deployer.service.CappDeploymentService,org.wso2.carbon.server.admin.common.IServerAdmin,org.wso2.carbon.throttling.agent.ThrottlingAgent,
TID: [-1234] [api#am#gateway] [2022-06-08 12:17:59,388]  INFO {org.wso2.carbon.webapp.mgt.TomcatGenericWebappsDeployer} - Deployed webapp: StandardEngine[Catalina].StandardHost[localhost].StandardContext[/api/am/gateway].File[/mnt/d/WS02Deployment/WS02/WSO2/wso2am-3.2.0/wso2am-3.2.0/repository/deployment/server/webapps/api#am#gateway.war]
TID: [-1] [] [2022-06-08 12:18:23,134]  WARN {org.wso2.carbon.application.deployer.internal.AppDeployerServiceComponent} - Waiting for required OSGi services: org.wso2.carbon.application.deployer.synapse.service.SynapseAppDeployerService,org.wso2.carbon.mediation.initializer.services.SynapseEnvironmentService,
TID: [-1] [] [2022-06-08 12:18:23,161]  WARN {org.wso2.carbon.core.internal.StartupFinalizerServiceComponent} - Waiting for required OSGi services: org.wso2.carbon.application.deployer.service.CappDeploymentService,org.wso2.carbon.server.admin.common.IServerAdmin,org.wso2.carbon.throttling.agent.ThrottlingAgent,
TID: [-1234] [api#am#publisher] [2022-06-08 12:18:56,189]  INFO {org.wso2.carbon.webapp.mgt.TomcatGenericWebappsDeployer} - Deployed webapp: StandardEngine[Catalina].StandardHost[localhost].StandardContext[/api/am/publisher].File[/mnt/d/WS02Deployment/WS02/WSO2/wso2am-3.2.0/wso2am-3.2.0/repository/deployment/server/webapps/api#am#publisher.war]
TID: [-1] [] [2022-06-08 12:19:23,136]  WARN {org.wso2.carbon.application.deployer.internal.AppDeployerServiceComponent} - Waiting for required OSGi services: org.wso2.carbon.application.deployer.synapse.service.SynapseAppDeployerService,org.wso2.carbon.mediation.initializer.services.SynapseEnvironmentService,
TID: [-1] [] [2022-06-08 12:19:23,163]  WARN {org.wso2.carbon.core.internal.StartupFinalizerServiceComponent} - Waiting for required OSGi services: org.wso2.carbon.application.deployer.service.CappDeploymentService,org.wso2.carbon.server.admin.common.IServerAdmin,org.wso2.carbon.throttling.agent.ThrottlingAgent,
TID: [-1234] [api#am#store] [2022-06-08 12:19:46,304]  INFO {org.wso2.carbon.webapp.mgt.TomcatGenericWebappsDeployer} - Deployed webapp: StandardEngine[Catalina].StandardHost[localhost].StandardContext[/api/am/store].File[/mnt/d/WS02Deployment/WS02/WSO2/wso2am-3.2.0/wso2am-3.2.0/repository/deployment/server/webapps/api#am#store.war]
TID: [-1234] [api#identity#consent-mgt#v1.0] [2022-06-08 12:20:12,442]  INFO {org.wso2.carbon.webapp.mgt.TomcatGenericWebappsDeployer} - Deployed webapp: StandardEngine[Catalina].StandardHost[localhost].StandardContext[/api/identity/consent-mgt/v1.0].File[/mnt/d/WS02Deployment/WS02/WSO2/wso2am-3.2.0/wso2am-3.2.0/repository/deployment/server/webapps/api#identity#consent-mgt#v1.0.war]
TID: [-1] [] [2022-06-08 12:20:23,134]  WARN {org.wso2.carbon.application.deployer.internal.AppDeployerServiceComponent} - Waiting for required OSGi services: org.wso2.carbon.application.deployer.synapse.service.SynapseAppDeployerService,org.wso2.carbon.mediation.initializer.services.SynapseEnvironmentService,
TID: [-1] [] [2022-06-08 12:20:23,161]  WARN {org.wso2.carbon.core.internal.StartupFinalizerServiceComponent} - Waiting for required OSGi services: org.wso2.carbon.application.deployer.service.CappDeploymentService,org.wso2.carbon.server.admin.common.IServerAdmin,org.wso2.carbon.throttling.agent.ThrottlingAgent,
TID: [-1234] [api#identity#oauth2#dcr#v1.1] [2022-06-08 12:20:36,534]  INFO {org.wso2.carbon.webapp.mgt.TomcatGenericWebappsDeployer} - Deployed webapp: StandardEngine[Catalina].StandardHost[localhost].StandardContext[/api/identity/oauth2/dcr/v1.1].File[/mnt/d/WS02Deployment/WS02/WSO2/wso2am-3.2.0/wso2am-3.2.0/repository/deployment/server/webapps/api#identity#oauth2#dcr#v1.1.war]
TID: [-1234] [api#identity#oauth2#v1.0] [2022-06-08 12:21:00,556]  INFO {org.wso2.carbon.webapp.mgt.TomcatGenericWebappsDeployer} - Deployed webapp: StandardEngine[Catalina].StandardHost[localhost].StandardContext[/api/identity/oauth2/v1.0].File[/mnt/d/WS02Deployment/WS02/WSO2/wso2am-3.2.0/wso2am-3.2.0/repository/deployment/server/webapps/api#identity#oauth2#v1.0.war]
TID: [-1] [] [2022-06-08 12:21:23,134]  WARN {org.wso2.carbon.application.deployer.internal.AppDeployerServiceComponent} - Waiting for required OSGi services: org.wso2.carbon.application.deployer.synapse.service.SynapseAppDeployerService,org.wso2.carbon.mediation.initializer.services.SynapseEnvironmentService,
TID: [-1] [] [2022-06-08 12:21:23,160]  WARN {org.wso2.carbon.core.internal.StartupFinalizerServiceComponent} - Waiting for required OSGi services: org.wso2.carbon.application.deployer.service.CappDeploymentService,org.wso2.carbon.server.admin.common.IServerAdmin,org.wso2.carbon.throttling.agent.ThrottlingAgent,
TID: [-1234] [api#identity#recovery#v0.9] [2022-06-08 12:21:29,510]  INFO {org.wso2.carbon.webapp.mgt.TomcatGenericWebappsDeployer} - Deployed webapp: StandardEngine[Catalina].StandardHost[localhost].StandardContext[/api/identity/recovery/v0.9].File[/mnt/d/WS02Deployment/WS02/WSO2/wso2am-3.2.0/wso2am-3.2.0/repository/deployment/server/webapps/api#identity#recovery#v0.9.war]
TID: [-1234] [api#identity#user#v1.0] [2022-06-08 12:22:01,222]  INFO {org.wso2.carbon.webapp.mgt.TomcatGenericWebappsDeployer} - Deployed webapp: StandardEngine[Catalina].StandardHost[localhost].StandardContext[/api/identity/user/v1.0].File[/mnt/d/WS02Deployment/WS02/WSO2/wso2am-3.2.0/wso2am-3.2.0/repository/deployment/server/webapps/api#identity#user#v1.0.war]
TID: [-1234] [authenticationendpoint] [2022-06-08 12:22:04,991]  INFO {org.wso2.carbon.identity.application.authentication.endpoint.util.TenantDataManager} - EndpointConfig.properties file loaded from ./repository/conf/identity/EndpointConfig.properties
TID: [-1234] [authenticationendpoint] [2022-06-08 12:22:05,163]  INFO {org.wso2.carbon.identity.application.authentication.endpoint.util.MutualSSLManager} - EndpointConfig.properties file loaded from ./repository/conf/identity/EndpointConfig.properties
TID: [-1234] [authenticationendpoint] [2022-06-08 12:22:05,877]  INFO {org.wso2.carbon.identity.application.authentication.endpoint.util.EndpointConfigManager} - EndpointConfig.properties file loaded from ./repository/conf/identity/EndpointConfig.properties
TID: [-1234] [authenticationendpoint] [2022-06-08 12:22:12,414]  INFO {org.wso2.carbon.webapp.mgt.TomcatGenericWebappsDeployer} - Deployed webapp: StandardEngine[Catalina].StandardHost[localhost].StandardContext[/authenticationendpoint].File[/mnt/d/WS02Deployment/WS02/WSO2/wso2am-3.2.0/wso2am-3.2.0/repository/deployment/server/webapps/authenticationendpoint]
TID: [-1] [] [2022-06-08 12:22:23,134]  WARN {org.wso2.carbon.application.deployer.internal.AppDeployerServiceComponent} - Waiting for required OSGi services: org.wso2.carbon.application.deployer.synapse.service.SynapseAppDeployerService,org.wso2.carbon.mediation.initializer.services.SynapseEnvironmentService,
TID: [-1] [] [2022-06-08 12:22:23,161]  WARN {org.wso2.carbon.core.internal.StartupFinalizerServiceComponent} - Waiting for required OSGi services: org.wso2.carbon.application.deployer.service.CappDeploymentService,org.wso2.carbon.server.admin.common.IServerAdmin,org.wso2.carbon.throttling.agent.ThrottlingAgent,
TID: [-1234] [client-registration#v0.17] [2022-06-08 12:22:47,793]  INFO {org.wso2.carbon.webapp.mgt.TomcatGenericWebappsDeployer} - Deployed webapp: StandardEngine[Catalina].StandardHost[localhost].StandardContext[/client-registration/v0.17].File[/mnt/d/WS02Deployment/WS02/WSO2/wso2am-3.2.0/wso2am-3.2.0/repository/deployment/server/webapps/client-registration#v0.17.war]
TID: [-1] [] [2022-06-08 12:23:23,135]  WARN {org.wso2.carbon.application.deployer.internal.AppDeployerServiceComponent} - Waiting for required OSGi services: org.wso2.carbon.application.deployer.synapse.service.SynapseAppDeployerService,org.wso2.carbon.mediation.initializer.services.SynapseEnvironmentService,
TID: [-1] [] [2022-06-08 12:23:23,161]  WARN {org.wso2.carbon.core.internal.StartupFinalizerServiceComponent} - Waiting for required OSGi services: org.wso2.carbon.application.deployer.service.CappDeploymentService,org.wso2.carbon.server.admin.common.IServerAdmin,org.wso2.carbon.throttling.agent.ThrottlingAgent,
TID: [-1234] [internal#data#v1] [2022-06-08 12:23:47,502]  INFO {org.wso2.carbon.webapp.mgt.TomcatGenericWebappsDeployer} - Deployed webapp: StandardEngine[Catalina].StandardHost[localhost].StandardContext[/internal/data/v1].File[/mnt/d/WS02Deployment/WS02/WSO2/wso2am-3.2.0/wso2am-3.2.0/repository/deployment/server/webapps/internal#data#v1.war]
TID: [-1234] [keymanager-operations] [2022-06-08 12:24:15,060]  INFO {org.wso2.carbon.webapp.mgt.TomcatGenericWebappsDeployer} - Deployed webapp: StandardEngine[Catalina].StandardHost[localhost].StandardContext[/keymanager-operations].File[/mnt/d/WS02Deployment/WS02/WSO2/wso2am-3.2.0/wso2am-3.2.0/repository/deployment/server/webapps/keymanager-operations.war]
TID: [-1] [] [2022-06-08 12:24:23,135]  WARN {org.wso2.carbon.application.deployer.internal.AppDeployerServiceComponent} - Waiting for required OSGi services: org.wso2.carbon.application.deployer.synapse.service.SynapseAppDeployerService,org.wso2.carbon.mediation.initializer.services.SynapseEnvironmentService,
TID: [-1] [] [2022-06-08 12:24:23,162]  WARN {org.wso2.carbon.core.internal.StartupFinalizerServiceComponent} - Waiting for required OSGi services: org.wso2.carbon.application.deployer.service.CappDeploymentService,org.wso2.carbon.server.admin.common.IServerAdmin,org.wso2.carbon.throttling.agent.ThrottlingAgent,
TID: [-1234] [oauth2] [2022-06-08 12:24:51,873]  INFO {org.wso2.carbon.webapp.mgt.TomcatGenericWebappsDeployer} - Deployed webapp: StandardEngine[Catalina].StandardHost[localhost].StandardContext[/oauth2].File[/mnt/d/WS02Deployment/WS02/WSO2/wso2am-3.2.0/wso2am-3.2.0/repository/deployment/server/webapps/oauth2.war]
TID: [-1234] [] [2022-06-08 12:24:57,741]  INFO {org.apache.synapse.Axis2SynapseController} - Deploying the Synapse service...
TID: [-1234] [] [2022-06-08 12:24:57,756]  INFO {org.apache.synapse.Axis2SynapseController} - Deploying Proxy services...
TID: [-1234] [] [2022-06-08 12:24:57,865]  INFO {org.apache.synapse.core.axis2.ProxyService} - {proxy:WorkflowCallbackService} Building Axis service for Proxy service : WorkflowCallbackService
TID: [-1234] [] [2022-06-08 12:24:57,926]  INFO {org.apache.synapse.core.axis2.ProxyService} - {proxy:WorkflowCallbackService} Adding service WorkflowCallbackService to the Axis2 configuration
TID: [-1234] [WorkflowCallbackService] [2022-06-08 12:24:57,936]  INFO {org.wso2.carbon.core.deployment.DeploymentInterceptor} - Deploying Axis2 service: WorkflowCallbackService {super-tenant}
TID: [-1234] [] [2022-06-08 12:24:57,938]  INFO {org.apache.synapse.core.axis2.ProxyService} - {proxy:WorkflowCallbackService} Successfully created the Axis2 service for Proxy service : WorkflowCallbackService
TID: [-1234] [] [2022-06-08 12:24:57,939]  INFO {org.apache.synapse.Axis2SynapseController} - Deployed Proxy service : WorkflowCallbackService
TID: [-1234] [] [2022-06-08 12:24:57,940]  INFO {org.apache.synapse.Axis2SynapseController} - Deploying EventSources...
TID: [-1234] [] [2022-06-08 12:24:58,091]  INFO {org.apache.synapse.inbound.InboundEndpoint} - Initializing Inbound Endpoint: WebSocketInboundEndpoint
TID: [-1234] [] [2022-06-08 12:24:58,485]  INFO {org.wso2.carbon.inbound.endpoint.protocol.websocket.management.WebsocketEndpointManager} - WebSocketInboundEndpoint Endpoint is already started in port : 9099
TID: [-1234] [] [2022-06-08 12:24:58,487]  INFO {org.apache.synapse.inbound.InboundEndpoint} - Initializing Inbound Endpoint: SecureWebSocketEP
TID: [-1234] [] [2022-06-08 12:24:58,499]  INFO {org.wso2.carbon.inbound.endpoint.protocol.websocket.management.WebsocketEndpointManager} - SecureWebSocketEP Endpoint is already started in port : 8099
TID: [-1234] [] [2022-06-08 12:24:58,503]  INFO {org.apache.synapse.rest.API} - {api:_WSO2AMOpenIDConfigAPI_} Initializing API: _WSO2AMOpenIDConfigAPI_
TID: [-1234] [] [2022-06-08 12:24:58,505]  INFO {org.apache.synapse.rest.API} - {api:admin--PBS-MOFPED-OPEN-API:v1.0.0} Initializing API: admin--PBS-MOFPED-OPEN-API:v1.0.0
TID: [-1234] [] [2022-06-08 12:24:58,624]  INFO {org.apache.synapse.rest.API} - {api:_WSO2AMAuthenticationEPAPI_} Initializing API: _WSO2AMAuthenticationEPAPI_
TID: [-1234] [] [2022-06-08 12:24:58,628]  INFO {org.apache.synapse.rest.API} - {api:admin--UGPOLICE:v1.0.0} Initializing API: admin--UGPOLICE:v1.0.0
TID: [-1234] [] [2022-06-08 12:24:58,631]  INFO {org.apache.synapse.rest.API} - {api:_WSO2AMLoginContextAPI_} Initializing API: _WSO2AMLoginContextAPI_
TID: [-1234] [] [2022-06-08 12:24:58,635]  INFO {org.apache.synapse.rest.API} - {api:admin--MOLG:v1.0.0} Initializing API: admin--MOLG:v1.0.0
TID: [-1234] [] [2022-06-08 12:24:58,638]  INFO {org.apache.synapse.rest.API} - {api:_WSO2AMAuthorizeAPI_} Initializing API: _WSO2AMAuthorizeAPI_
TID: [-1234] [] [2022-06-08 12:24:58,639]  INFO {org.apache.synapse.rest.API} - {api:_WSO2AMUserInfoAPI_} Initializing API: _WSO2AMUserInfoAPI_
TID: [-1234] [] [2022-06-08 12:24:58,640]  INFO {org.apache.synapse.rest.API} - {api:_OpenService_} Initializing API: _OpenService_
TID: [-1234] [] [2022-06-08 12:24:58,645]  INFO {org.apache.synapse.rest.API} - {api:_WSO2AMRevokeAPI_} Initializing API: _WSO2AMRevokeAPI_
TID: [-1234] [] [2022-06-08 12:24:58,648]  INFO {org.apache.synapse.rest.API} - {api:_WSO2AMTokenAPI_} Initializing API: _WSO2AMTokenAPI_
TID: [-1234] [] [2022-06-08 12:24:58,652]  INFO {org.apache.synapse.rest.API} - {api:_WSO2OIDCAPI_} Initializing API: _WSO2OIDCAPI_
TID: [-1234] [] [2022-06-08 12:24:58,655]  INFO {org.apache.synapse.ServerManager} - Server ready for processing...
TID: [-1234] [] [2022-06-08 12:25:01,603]  INFO {org.wso2.carbon.apimgt.jms.listener.utils.JMSConnectionFactory} - JMS ConnectionFactory : Siddhi-JMS-Consumer initialized
TID: [-1234] [] [2022-06-08 12:25:01,605]  INFO {org.wso2.carbon.apimgt.jms.listener.utils.JMSConnectionFactory} - JMS ConnectionFactory : Siddhi-JMS-Consumer initialized
TID: [-1234] [] [2022-06-08 12:25:04,003]  INFO {org.wso2.carbon.inbound.endpoint.protocol.websocket.management.WebsocketEndpointManager} - Netty SSL Listener starting on port 8099
TID: [-1234] [] [2022-06-08 12:25:04,025]  INFO {org.wso2.carbon.inbound.endpoint.protocol.websocket.management.WebsocketEndpointManager} - Netty Listener starting on port 9099
TID: [-1234] [] [2022-06-08 12:25:04,684]  INFO {org.wso2.carbon.andes.internal.QpidServiceComponent} - Activating Andes Message Broker Engine...
TID: [-1234] [] [2022-06-08 12:25:06,496]  INFO {qpid.message.broker.listening} - [Broker] BRK-1002 : Starting : Listening on TCP port 5672
TID: [-1234] [] [2022-06-08 12:25:06,506]  INFO {qpid.message.broker.listening} - [Broker] BRK-1002 : Starting : Listening on TCP/SSL port 8672
TID: [-1234] [] [2022-06-08 12:25:06,523]  INFO {org.wso2.carbon.andes.internal.QpidServiceComponent} - AMQP Host Address : 0.0.0.0 Port : 5672
TID: [-1234] [] [2022-06-08 12:25:06,524]  INFO {org.wso2.carbon.andes.internal.QpidServiceComponent} - Successfully connected to AMQP server on port 5672
TID: [-1234] [] [2022-06-08 12:25:06,528]  WARN {org.wso2.carbon.andes.internal.QpidServiceComponent} - MQTT Transport is disabled as per configuration.
TID: [-1234] [] [2022-06-08 12:25:06,531]  INFO {org.wso2.carbon.andes.internal.QpidServiceComponent} - WSO2 Message Broker is started.
TID: [-1234] [] [2022-06-08 12:25:10,403]  INFO {org.wso2.carbon.databridge.receiver.binary.internal.BinaryDataReceiver} - Started Binary SSL Transport on port : 9711
TID: [-1234] [] [2022-06-08 12:25:10,409]  INFO {org.wso2.carbon.databridge.receiver.binary.internal.BinaryDataReceiver} - Started Binary TCP Transport on port : 9611
TID: [-1234] [] [2022-06-08 12:26:37,076]  INFO {org.wso2.carbon.databridge.receiver.thrift.internal.ThriftServerStartupObserver} -  Thrift Data Receiver is disabled.
TID: [-1234] [] [2022-06-08 12:26:37,154]  INFO {org.apache.synapse.transport.passthru.PassThroughHttpListener} - Starting Pass-through HTTP Listener...
TID: [-1234] [] [2022-06-08 12:26:37,269]  INFO {org.apache.synapse.transport.passthru.core.PassThroughListeningIOReactorManager} - Pass-through HTTP Listener started on 0.0.0.0:8280
TID: [-1234] [] [2022-06-08 12:26:37,280]  INFO {org.apache.synapse.transport.passthru.PassThroughHttpMultiSSLListener} - Starting Pass-through HTTPS Listener...
TID: [-1234] [] [2022-06-08 12:26:37,321]  INFO {org.apache.synapse.transport.passthru.core.PassThroughListeningIOReactorManager} - Pass-through HTTPS Listener started on 0.0.0.0:8243
TID: [-1234] [] [2022-06-08 12:26:38,026]  WARN {org.apache.tomcat.util.net.SSLUtilBase} - jsseUtil.trustedCertNotValid
TID: [-1234] [] [2022-06-08 12:26:38,029]  WARN {org.apache.tomcat.util.net.SSLUtilBase} - jsseUtil.trustedCertNotValid
TID: [-1234] [] [2022-06-08 12:26:38,034]  WARN {org.apache.tomcat.util.net.SSLUtilBase} - jsseUtil.trustedCertNotValid
TID: [-1234] [] [2022-06-08 12:26:38,036]  WARN {org.apache.tomcat.util.net.SSLUtilBase} - jsseUtil.trustedCertNotValid
TID: [-1234] [] [2022-06-08 12:26:38,038]  WARN {org.apache.tomcat.util.net.SSLUtilBase} - jsseUtil.trustedCertNotValid
TID: [-1234] [] [2022-06-08 12:26:38,043]  WARN {org.apache.tomcat.util.net.SSLUtilBase} - jsseUtil.trustedCertNotValid
TID: [-1234] [] [2022-06-08 12:26:38,048]  WARN {org.apache.tomcat.util.net.SSLUtilBase} - jsseUtil.trustedCertNotValid
TID: [-1234] [] [2022-06-08 12:26:38,051]  WARN {org.apache.tomcat.util.net.SSLUtilBase} - jsseUtil.trustedCertNotValid
TID: [-1234] [] [2022-06-08 12:26:38,053]  WARN {org.apache.tomcat.util.net.SSLUtilBase} - jsseUtil.trustedCertNotValid
TID: [-1234] [] [2022-06-08 12:26:38,055]  WARN {org.apache.tomcat.util.net.SSLUtilBase} - jsseUtil.trustedCertNotValid
TID: [-1234] [] [2022-06-08 12:26:38,057]  WARN {org.apache.tomcat.util.net.SSLUtilBase} - jsseUtil.trustedCertNotValid
TID: [-1234] [] [2022-06-08 12:26:38,062]  WARN {org.apache.tomcat.util.net.SSLUtilBase} - jsseUtil.trustedCertNotValid
TID: [-1234] [] [2022-06-08 12:26:38,063]  WARN {org.apache.tomcat.util.net.SSLUtilBase} - jsseUtil.trustedCertNotValid
TID: [-1234] [] [2022-06-08 12:26:38,066]  WARN {org.apache.tomcat.util.net.SSLUtilBase} - jsseUtil.trustedCertNotValid
TID: [-1234] [] [2022-06-08 12:26:38,067]  WARN {org.apache.tomcat.util.net.SSLUtilBase} - jsseUtil.trustedCertNotValid
TID: [-1234] [] [2022-06-08 12:26:39,444]  INFO {org.wso2.carbon.ntask.core.service.impl.TaskServiceImpl} - Task service starting in STANDALONE mode...
TID: [-1234] [] [2022-06-08 12:26:39,901]  INFO {org.wso2.carbon.registry.eventing.internal.RegistryEventingServiceComponent} - Successfully Initialized Eventing on Registry
TID: [-1234] [] [2022-06-08 12:26:41,144]  INFO {org.wso2.carbon.core.init.JMXServerManager} - JMX Service URL  : service:jmx:rmi://localhost:11111/jndi/rmi://localhost:9999/jmxrmi
TID: [-1234] [] [2022-06-08 12:26:42,292]  INFO {org.wso2.carbon.apimgt.jms.listener.utils.JMSTransportHandler} - Starting jms topic consumer thread for the keyManager topic...
TID: [-1234] [] [2022-06-08 12:26:42,442]  INFO {org.wso2.carbon.apimgt.jms.listener.utils.JMSTransportHandler} - Starting jms topic consumer thread for the throttleData topic...
TID: [-1234] [] [2022-06-08 12:26:42,492]  INFO {org.wso2.carbon.apimgt.jms.listener.utils.JMSTransportHandler} - Starting jms topic consumer thread for the tokenRevocation topic...
TID: [-1234] [] [2022-06-08 12:26:42,536]  INFO {org.wso2.carbon.apimgt.jms.listener.utils.JMSTransportHandler} - Starting jms topic consumer thread for the cacheInvalidation topic...
TID: [-1234] [] [2022-06-08 12:26:42,728]  INFO {org.wso2.carbon.apimgt.jms.listener.utils.JMSTransportHandler} - Starting jms topic consumer thread for the notification topic...
TID: [-1234] [] [2022-06-08 12:26:43,508]  INFO {org.wso2.carbon.core.internal.StartupFinalizerServiceComponent} - Server           :  WSO2 API Manager-3.2.0
TID: [-1234] [] [2022-06-08 12:26:43,519]  INFO {org.wso2.carbon.core.internal.StartupFinalizerServiceComponent} - WSO2 Carbon started in 1091 sec
TID: [-1] [] [2022-06-08 12:26:44,279]  INFO {org.wso2.carbon.databridge.core.DataBridge} - user admin connected
TID: [-1] [] [2022-06-08 12:26:45,236]  INFO {org.wso2.callhome.CallHomeExecutor} - 
.............................................................................
The latest update level is 'wso2am-3.2.0.168'. 
This consists of 618 updates
applied on top of 'wso2am-3.2.0.0'[WARNING] 
 The update level
'wso2am-3.2.0.168' consists of 79 critical security updates applied on top of
'wso2am-3.2.0.0'. 
WSO2 strongly recommends to use 'wso2am-3.2.0.168'
distribution in production as soon as possible.
.............................................................................
TID: [-1] [] [2022-06-08 12:26:47,496]  INFO {org.wso2.carbon.apimgt.jms.listener.utils.JMSListener} - Connection attempt: 1 for JMS Provider for listener: Siddhi-JMS-Consumer#notification was successful!
TID: [-1] [] [2022-06-08 12:26:47,496]  INFO {org.wso2.carbon.apimgt.jms.listener.utils.JMSListener} - Connection attempt: 1 for JMS Provider for listener: Siddhi-JMS-Consumer#cacheInvalidation was successful!
TID: [-1] [] [2022-06-08 12:26:47,497]  INFO {org.wso2.carbon.apimgt.jms.listener.utils.JMSListener} - Connection attempt: 1 for JMS Provider for listener: Siddhi-JMS-Consumer#keyManager was successful!
TID: [-1] [] [2022-06-08 12:26:47,496]  INFO {org.wso2.carbon.apimgt.jms.listener.utils.JMSListener} - Connection attempt: 1 for JMS Provider for listener: Siddhi-JMS-Consumer#tokenRevocation was successful!
TID: [-1] [] [2022-06-08 12:26:47,497]  INFO {org.wso2.carbon.apimgt.jms.listener.utils.JMSListener} - Connection attempt: 1 for JMS Provider for listener: Siddhi-JMS-Consumer#throttleData was successful!
TID: [-1] [] [2022-06-08 12:26:47,543]  INFO {org.wso2.carbon.apimgt.jms.listener.utils.JMSTaskManager} - Task manager for Siddhi-JMS-Consumer [re-]initialized
TID: [-1] [] [2022-06-08 12:26:47,543]  INFO {org.wso2.carbon.apimgt.jms.listener.utils.JMSTaskManager} - Task manager for Siddhi-JMS-Consumer [re-]initialized
TID: [-1] [] [2022-06-08 12:26:47,543]  INFO {org.wso2.carbon.apimgt.jms.listener.utils.JMSTaskManager} - Task manager for Siddhi-JMS-Consumer [re-]initialized
TID: [-1] [] [2022-06-08 12:26:47,543]  INFO {org.wso2.carbon.apimgt.jms.listener.utils.JMSTaskManager} - Task manager for Siddhi-JMS-Consumer [re-]initialized
TID: [-1] [] [2022-06-08 12:26:47,543]  INFO {org.wso2.carbon.apimgt.jms.listener.utils.JMSTaskManager} - Task manager for Siddhi-JMS-Consumer [re-]initialized
TID: [-1] [] [2022-06-08 12:26:50,858]  WARN {org.wso2.carbon.apimgt.jms.listener.utils.JMSListener} - Polling tasks on destination : throttleData of type topic for listener Siddhi-JMS-Consumer#throttleData have not yet started after 3 seconds ..
TID: [-1] [] [2022-06-08 12:26:50,857]  WARN {org.wso2.carbon.apimgt.jms.listener.utils.JMSListener} - Polling tasks on destination : cacheInvalidation of type topic for listener Siddhi-JMS-Consumer#cacheInvalidation have not yet started after 3 seconds ..
TID: [-1] [] [2022-06-08 12:26:50,858]  WARN {org.wso2.carbon.apimgt.jms.listener.utils.JMSListener} - Polling tasks on destination : keyManager of type topic for listener Siddhi-JMS-Consumer#keyManager have not yet started after 3 seconds ..
TID: [-1] [] [2022-06-08 12:26:51,431]  WARN {org.wso2.carbon.apimgt.jms.listener.utils.JMSListener} - Polling tasks on destination : notification of type topic for listener Siddhi-JMS-Consumer#notification have not yet started after 3 seconds ..
TID: [-1] [] [2022-06-08 12:26:50,983]  WARN {org.wso2.carbon.apimgt.jms.listener.utils.JMSListener} - Polling tasks on destination : tokenRevocation of type topic for listener Siddhi-JMS-Consumer#tokenRevocation have not yet started after 3 seconds ..
TID: [-1234] [] [2022-06-08 12:26:54,334]  INFO {org.wso2.carbon.ui.internal.CarbonUIServiceComponent} - Mgt Console URL  : https://localhost:9443/carbon/
TID: [-1234] [] [2022-06-08 12:26:54,338]  INFO {org.wso2.carbon.ui.internal.CarbonUIServiceComponent} - API Developer Portal Default Context : https://localhost:9443/devportal
TID: [-1234] [] [2022-06-08 12:26:54,342]  INFO {org.wso2.carbon.ui.internal.CarbonUIServiceComponent} - API Publisher Default Context : https://localhost:9443/publisher
TID: [-1] [] [2022-06-08 12:26:54,439]  WARN {org.wso2.carbon.apimgt.jms.listener.utils.JMSUtils} - Cannot locate destination : keyManager
TID: [-1] [] [2022-06-08 12:26:54,442]  WARN {org.wso2.carbon.apimgt.jms.listener.utils.JMSUtils} - Cannot locate destination : tokenRevocation
TID: [-1] [] [2022-06-08 12:26:54,442]  WARN {org.wso2.carbon.apimgt.jms.listener.utils.JMSUtils} - Cannot locate destination : notification
TID: [-1] [] [2022-06-08 12:26:54,440]  WARN {org.wso2.carbon.apimgt.jms.listener.utils.JMSUtils} - Cannot locate destination : cacheInvalidation
TID: [-1] [] [2022-06-08 12:26:54,453]  WARN {org.wso2.carbon.apimgt.jms.listener.utils.JMSUtils} - Cannot locate destination : throttleData
TID: [-1234] [internal/data/v1] [2022-06-08 12:27:02,520]  INFO {org.wso2.carbon.identity.oauth.config.OAuthServerConfiguration} - An instance of org.wso2.carbon.identity.oauth2.token.OauthTokenIssuerImpl is created for Identity OAuth token generation.
